Arguments: 
  C:\Program Files\nodejs\node.exe C:\Users\nafis\AppData\Roaming\npm\node_modules\yarn\bin\yarn.js add cross-env

PATH: 
  C:\Program Files (x86)\Common Files\Intel\Shared Files\cpp\bin\Intel64;C:\Program Files (x86)\NVIDIA Corporation\PhysX\Common;C:\Program Files (x86)\Intel\Intel(R) Management Engine Components\iCLS\;C:\Program Files\Intel\Intel(R) Management Engine Components\iCLS\;C:\WINDOWS\system32;C:\WINDOWS;C:\WINDOWS\System32\Wbem;C:\WINDOWS\System32\WindowsPowerShell\v1.0\;C:\WINDOWS\System32\OpenSSH\;C:\Program Files (x86)\Intel\Intel(R) Management Engine Components\DAL;C:\Program Files\Intel\Intel(R) Management Engine Components\DAL;C:\Program Files (x86)\Intel\Intel(R) Management Engine Components\IPT;C:\Program Files\Intel\Intel(R) Management Engine Components\IPT;C:\Program Files\Git\cmd;C:\Users\nafis\AppData\Roaming\nvm;C:\Program Files\nodejs;C:\Program Files\nodejs\;C:\Users\nafis\AppData\Local\Microsoft\WindowsApps;C:\Users\nafis\AppData\Local\atom\bin;C:\Users\nafis\AppData\Local\Programs\Microsoft VS Code\bin;C:\Program Files\Java\jdk1.8.0_212\platform-tools;C:\Users\nafis\AppData\Local\GitHubDesktop\bin;C:\Users\nafis\AppData\Roaming\nvm;C:\Program Files\nodejs;C:\Users\nafis\AppData\Roaming\npm

Yarn version: 
  1.22.19

Node version: 
  18.14.0

Platform: 
  win32 x64

Trace: 
  SyntaxError: C:\Users\nafis\Desktop\Technoob-Homebase-1\package.json: Unexpected token } in JSON at position 383
      at JSON.parse (<anonymous>)
      at C:\Users\nafis\AppData\Roaming\npm\node_modules\yarn\lib\cli.js:1629:59
      at Generator.next (<anonymous>)
      at step (C:\Users\nafis\AppData\Roaming\npm\node_modules\yarn\lib\cli.js:310:30)
      at C:\Users\nafis\AppData\Roaming\npm\node_modules\yarn\lib\cli.js:321:13

npm manifest: 
  {
    "name": "Technoob",
    "version": "1.0.0",
    "description": "A webapp for tech enthusiasts",
    "main": "main.js",
    "scripts": {
      "webpack": "cross-env NODE_ENV=development webpack-dev-server --config=build/webpack.dev.config.js",
      "build": "cross-env  NODE_ENV=production webpack -p --config=build/webpack.prod.config.js --progress --hide-modules"
  },
    "license": "ISC",
   
  }

yarn manifest: 
  No manifest

Lockfile: 
  # THIS IS AN AUTOGENERATED FILE. DO NOT EDIT THIS FILE DIRECTLY.
  # yarn lockfile v1
